{"/home/math-ubuntu/TEMP/FIAP/tech-challenge-2/src/controllers/authController.js": {"path":"/home/math-ubuntu/TEMP/FIAP/tech-challenge-2/src/controllers/authController.js","statementMap":{"0":{"start":{"line":1,"column":12},"end":{"line":1,"column":35}},"1":{"start":{"line":2,"column":15},"end":{"line":2,"column":32}},"2":{"start":{"line":3,"column":16},"end":{"line":3,"column":44}},"3":{"start":{"line":4,"column":16},"end":{"line":4,"column":44}},"4":{"start":{"line":6,"column":14},"end":{"line":65,"column":1}},"5":{"start":{"line":7,"column":2},"end":{"line":64,"column":3}},"6":{"start":{"line":8,"column":60},"end":{"line":8,"column":68}},"7":{"start":{"line":11,"column":4},"end":{"line":13,"column":5}},"8":{"start":{"line":12,"column":6},"end":{"line":12,"column":75}},"9":{"start":{"line":16,"column":18},"end":{"line":16,"column":50}},"10":{"start":{"line":17,"column":15},"end":{"line":17,"column":26}},"11":{"start":{"line":19,"column":4},"end":{"line":22,"column":5}},"12":{"start":{"line":20,"column":6},"end":{"line":20,"column":49}},"13":{"start":{"line":21,"column":6},"end":{"line":21,"column":21}},"14":{"start":{"line":25,"column":4},"end":{"line":27,"column":5}},"15":{"start":{"line":26,"column":6},"end":{"line":26,"column":77}},"16":{"start":{"line":30,"column":4},"end":{"line":32,"column":5}},"17":{"start":{"line":31,"column":6},"end":{"line":31,"column":67}},"18":{"start":{"line":35,"column":24},"end":{"line":35,"column":69}},"19":{"start":{"line":36,"column":4},"end":{"line":38,"column":5}},"20":{"start":{"line":37,"column":6},"end":{"line":37,"column":77}},"21":{"start":{"line":41,"column":18},"end":{"line":50,"column":5}},"22":{"start":{"line":52,"column":4},"end":{"line":61,"column":7}},"23":{"start":{"line":63,"column":4},"end":{"line":63,"column":94}},"24":{"start":{"line":67,"column":0},"end":{"line":67,"column":27}}},"fnMap":{"0":{"name":"(anonymous_0)","decl":{"start":{"line":6,"column":14},"end":{"line":6,"column":15}},"loc":{"start":{"line":6,"column":34},"end":{"line":65,"column":1}},"line":6}},"branchMap":{"0":{"loc":{"start":{"line":11,"column":4},"end":{"line":13,"column":5}},"type":"if","locations":[{"start":{"line":11,"column":4},"end":{"line":13,"column":5}},{"start":{},"end":{}}],"line":11},"1":{"loc":{"start":{"line":19,"column":4},"end":{"line":22,"column":5}},"type":"if","locations":[{"start":{"line":19,"column":4},"end":{"line":22,"column":5}},{"start":{},"end":{}}],"line":19},"2":{"loc":{"start":{"line":25,"column":4},"end":{"line":27,"column":5}},"type":"if","locations":[{"start":{"line":25,"column":4},"end":{"line":27,"column":5}},{"start":{},"end":{}}],"line":25},"3":{"loc":{"start":{"line":30,"column":4},"end":{"line":32,"column":5}},"type":"if","locations":[{"start":{"line":30,"column":4},"end":{"line":32,"column":5}},{"start":{},"end":{}}],"line":30},"4":{"loc":{"start":{"line":36,"column":4},"end":{"line":38,"column":5}},"type":"if","locations":[{"start":{"line":36,"column":4},"end":{"line":38,"column":5}},{"start":{},"end":{}}],"line":36}},"s":{"0":4,"1":4,"2":4,"3":4,"4":4,"5":304,"6":304,"7":304,"8":3,"9":301,"10":301,"11":301,"12":147,"13":147,"14":301,"15":1,"16":300,"17":2,"18":298,"19":297,"20":2,"21":295,"22":294,"23":2,"24":4},"f":{"0":304},"b":{"0":[3,301],"1":[147,154],"2":[1,300],"3":[2,298],"4":[2,295]},"_coverageSchema":"1a1c01bbd47fc00a2c39e90264f33305004495a9","hash":"65f5a61d5df4e69fca05bbffb4b4b61cd74824fd"}
,"/home/math-ubuntu/TEMP/FIAP/tech-challenge-2/src/controllers/postController.js": {"path":"/home/math-ubuntu/TEMP/FIAP/tech-challenge-2/src/controllers/postController.js","statementMap":{"0":{"start":{"line":1,"column":13},"end":{"line":1,"column":38}},"1":{"start":{"line":4,"column":20},"end":{"line":14,"column":1}},"2":{"start":{"line":5,"column":4},"end":{"line":13,"column":5}},"3":{"start":{"line":6,"column":28},"end":{"line":6,"column":58}},"4":{"start":{"line":7,"column":22},"end":{"line":7,"column":59}},"5":{"start":{"line":9,"column":22},"end":{"line":9,"column":68}},"6":{"start":{"line":10,"column":8},"end":{"line":10,"column":24}},"7":{"start":{"line":12,"column":8},"end":{"line":12,"column":67}},"8":{"start":{"line":17,"column":20},"end":{"line":37,"column":1}},"9":{"start":{"line":18,"column":4},"end":{"line":36,"column":5}},"10":{"start":{"line":19,"column":23},"end":{"line":19,"column":33}},"11":{"start":{"line":20,"column":28},"end":{"line":20,"column":58}},"12":{"start":{"line":22,"column":23},"end":{"line":22,"column":34}},"13":{"start":{"line":23,"column":8},"end":{"line":25,"column":9}},"14":{"start":{"line":24,"column":12},"end":{"line":24,"column":35}},"15":{"start":{"line":27,"column":21},"end":{"line":27,"column":47}},"16":{"start":{"line":29,"column":8},"end":{"line":31,"column":9}},"17":{"start":{"line":30,"column":12},"end":{"line":30,"column":77}},"18":{"start":{"line":33,"column":8},"end":{"line":33,"column":23}},"19":{"start":{"line":35,"column":8},"end":{"line":35,"column":66}},"20":{"start":{"line":40,"column":19},"end":{"line":52,"column":1}},"21":{"start":{"line":41,"column":4},"end":{"line":51,"column":5}},"22":{"start":{"line":42,"column":8},"end":{"line":44,"column":9}},"23":{"start":{"line":43,"column":12},"end":{"line":43,"column":87}},"24":{"start":{"line":45,"column":86},"end":{"line":45,"column":94}},"25":{"start":{"line":46,"column":24},"end":{"line":46,"column":103}},"26":{"start":{"line":47,"column":8},"end":{"line":47,"column":29}},"27":{"start":{"line":48,"column":8},"end":{"line":48,"column":38}},"28":{"start":{"line":50,"column":8},"end":{"line":50,"column":65}},"29":{"start":{"line":55,"column":19},"end":{"line":75,"column":1}},"30":{"start":{"line":56,"column":4},"end":{"line":74,"column":5}},"31":{"start":{"line":57,"column":8},"end":{"line":59,"column":9}},"32":{"start":{"line":58,"column":12},"end":{"line":58,"column":87}},"33":{"start":{"line":61,"column":76},"end":{"line":61,"column":84}},"34":{"start":{"line":62,"column":23},"end":{"line":62,"column":33}},"35":{"start":{"line":63,"column":24},"end":{"line":67,"column":9}},"36":{"start":{"line":68,"column":8},"end":{"line":70,"column":9}},"37":{"start":{"line":69,"column":12},"end":{"line":69,"column":77}},"38":{"start":{"line":71,"column":8},"end":{"line":71,"column":26}},"39":{"start":{"line":73,"column":8},"end":{"line":73,"column":69}},"40":{"start":{"line":78,"column":19},"end":{"line":89,"column":1}},"41":{"start":{"line":79,"column":4},"end":{"line":88,"column":5}},"42":{"start":{"line":80,"column":8},"end":{"line":82,"column":9}},"43":{"start":{"line":81,"column":12},"end":{"line":81,"column":87}},"44":{"start":{"line":83,"column":24},"end":{"line":83,"column":67}},"45":{"start":{"line":84,"column":8},"end":{"line":84,"column":87}},"46":{"start":{"line":84,"column":22},"end":{"line":84,"column":87}},"47":{"start":{"line":85,"column":8},"end":{"line":85,"column":60}},"48":{"start":{"line":87,"column":8},"end":{"line":87,"column":67}},"49":{"start":{"line":92,"column":20},"end":{"line":120,"column":1}},"50":{"start":{"line":93,"column":4},"end":{"line":119,"column":5}},"51":{"start":{"line":95,"column":8},"end":{"line":97,"column":9}},"52":{"start":{"line":96,"column":12},"end":{"line":96,"column":96}},"53":{"start":{"line":98,"column":22},"end":{"line":98,"column":33}},"54":{"start":{"line":99,"column":28},"end":{"line":99,"column":58}},"55":{"start":{"line":101,"column":25},"end":{"line":108,"column":9}},"56":{"start":{"line":111,"column":8},"end":{"line":113,"column":9}},"57":{"start":{"line":112,"column":12},"end":{"line":112,"column":37}},"58":{"start":{"line":115,"column":22},"end":{"line":115,"column":47}},"59":{"start":{"line":116,"column":8},"end":{"line":116,"column":24}},"60":{"start":{"line":118,"column":8},"end":{"line":118,"column":60}},"61":{"start":{"line":123,"column":19},"end":{"line":151,"column":1}},"62":{"start":{"line":124,"column":4},"end":{"line":150,"column":5}},"63":{"start":{"line":125,"column":23},"end":{"line":125,"column":33}},"64":{"start":{"line":126,"column":28},"end":{"line":126,"column":36}},"65":{"start":{"line":129,"column":39},"end":{"line":129,"column":47}},"66":{"start":{"line":132,"column":21},"end":{"line":132,"column":44}},"67":{"start":{"line":133,"column":8},"end":{"line":135,"column":9}},"68":{"start":{"line":134,"column":12},"end":{"line":134,"column":77}},"69":{"start":{"line":137,"column":27},"end":{"line":142,"column":9}},"70":{"start":{"line":144,"column":8},"end":{"line":144,"column":39}},"71":{"start":{"line":145,"column":8},"end":{"line":145,"column":26}},"72":{"start":{"line":147,"column":8},"end":{"line":147,"column":35}},"73":{"start":{"line":149,"column":8},"end":{"line":149,"column":75}},"74":{"start":{"line":154,"column":22},"end":{"line":182,"column":1}},"75":{"start":{"line":155,"column":4},"end":{"line":181,"column":5}},"76":{"start":{"line":156,"column":34},"end":{"line":156,"column":44}},"77":{"start":{"line":157,"column":28},"end":{"line":157,"column":36}},"78":{"start":{"line":158,"column":51},"end":{"line":158,"column":59}},"79":{"start":{"line":160,"column":21},"end":{"line":160,"column":44}},"80":{"start":{"line":161,"column":8},"end":{"line":163,"column":9}},"81":{"start":{"line":162,"column":12},"end":{"line":162,"column":77}},"82":{"start":{"line":165,"column":32},"end":{"line":165,"column":59}},"83":{"start":{"line":166,"column":8},"end":{"line":168,"column":9}},"84":{"start":{"line":167,"column":12},"end":{"line":167,"column":83}},"85":{"start":{"line":171,"column":8},"end":{"line":173,"column":9}},"86":{"start":{"line":172,"column":12},"end":{"line":172,"column":106}},"87":{"start":{"line":175,"column":8},"end":{"line":175,"column":42}},"88":{"start":{"line":176,"column":8},"end":{"line":176,"column":26}},"89":{"start":{"line":178,"column":8},"end":{"line":178,"column":23}},"90":{"start":{"line":180,"column":8},"end":{"line":180,"column":75}},"91":{"start":{"line":185,"column":22},"end":{"line":220,"column":1}},"92":{"start":{"line":186,"column":4},"end":{"line":219,"column":5}},"93":{"start":{"line":187,"column":34},"end":{"line":187,"column":44}},"94":{"start":{"line":188,"column":51},"end":{"line":188,"column":59}},"95":{"start":{"line":190,"column":21},"end":{"line":190,"column":44}},"96":{"start":{"line":191,"column":8},"end":{"line":193,"column":9}},"97":{"start":{"line":192,"column":12},"end":{"line":192,"column":77}},"98":{"start":{"line":195,"column":32},"end":{"line":195,"column":59}},"99":{"start":{"line":196,"column":8},"end":{"line":198,"column":9}},"100":{"start":{"line":197,"column":12},"end":{"line":197,"column":83}},"101":{"start":{"line":203,"column":12},"end":{"line":207,"column":117}},"102":{"start":{"line":209,"column":8},"end":{"line":211,"column":9}},"103":{"start":{"line":210,"column":12},"end":{"line":210,"column":109}},"104":{"start":{"line":213,"column":8},"end":{"line":213,"column":38}},"105":{"start":{"line":214,"column":8},"end":{"line":214,"column":26}},"106":{"start":{"line":216,"column":8},"end":{"line":216,"column":72}},"107":{"start":{"line":218,"column":8},"end":{"line":218,"column":73}},"108":{"start":{"line":222,"column":0},"end":{"line":232,"column":2}}},"fnMap":{"0":{"name":"(anonymous_0)","decl":{"start":{"line":4,"column":20},"end":{"line":4,"column":21}},"loc":{"start":{"line":4,"column":40},"end":{"line":14,"column":1}},"line":4},"1":{"name":"(anonymous_1)","decl":{"start":{"line":17,"column":20},"end":{"line":17,"column":21}},"loc":{"start":{"line":17,"column":40},"end":{"line":37,"column":1}},"line":17},"2":{"name":"(anonymous_2)","decl":{"start":{"line":40,"column":19},"end":{"line":40,"column":20}},"loc":{"start":{"line":40,"column":39},"end":{"line":52,"column":1}},"line":40},"3":{"name":"(anonymous_3)","decl":{"start":{"line":55,"column":19},"end":{"line":55,"column":20}},"loc":{"start":{"line":55,"column":39},"end":{"line":75,"column":1}},"line":55},"4":{"name":"(anonymous_4)","decl":{"start":{"line":78,"column":19},"end":{"line":78,"column":20}},"loc":{"start":{"line":78,"column":39},"end":{"line":89,"column":1}},"line":78},"5":{"name":"(anonymous_5)","decl":{"start":{"line":92,"column":20},"end":{"line":92,"column":21}},"loc":{"start":{"line":92,"column":40},"end":{"line":120,"column":1}},"line":92},"6":{"name":"(anonymous_6)","decl":{"start":{"line":123,"column":19},"end":{"line":123,"column":20}},"loc":{"start":{"line":123,"column":39},"end":{"line":151,"column":1}},"line":123},"7":{"name":"(anonymous_7)","decl":{"start":{"line":154,"column":22},"end":{"line":154,"column":23}},"loc":{"start":{"line":154,"column":42},"end":{"line":182,"column":1}},"line":154},"8":{"name":"(anonymous_8)","decl":{"start":{"line":185,"column":22},"end":{"line":185,"column":23}},"loc":{"start":{"line":185,"column":42},"end":{"line":220,"column":1}},"line":185}},"branchMap":{"0":{"loc":{"start":{"line":7,"column":22},"end":{"line":7,"column":59}},"type":"cond-expr","locations":[{"start":{"line":7,"column":36},"end":{"line":7,"column":38}},{"start":{"line":7,"column":41},"end":{"line":7,"column":59}}],"line":7},"1":{"loc":{"start":{"line":23,"column":8},"end":{"line":25,"column":9}},"type":"if","locations":[{"start":{"line":23,"column":8},"end":{"line":25,"column":9}},{"start":{},"end":{}}],"line":23},"2":{"loc":{"start":{"line":29,"column":8},"end":{"line":31,"column":9}},"type":"if","locations":[{"start":{"line":29,"column":8},"end":{"line":31,"column":9}},{"start":{},"end":{}}],"line":29},"3":{"loc":{"start":{"line":42,"column":8},"end":{"line":44,"column":9}},"type":"if","locations":[{"start":{"line":42,"column":8},"end":{"line":44,"column":9}},{"start":{},"end":{}}],"line":42},"4":{"loc":{"start":{"line":57,"column":8},"end":{"line":59,"column":9}},"type":"if","locations":[{"start":{"line":57,"column":8},"end":{"line":59,"column":9}},{"start":{},"end":{}}],"line":57},"5":{"loc":{"start":{"line":68,"column":8},"end":{"line":70,"column":9}},"type":"if","locations":[{"start":{"line":68,"column":8},"end":{"line":70,"column":9}},{"start":{},"end":{}}],"line":68},"6":{"loc":{"start":{"line":80,"column":8},"end":{"line":82,"column":9}},"type":"if","locations":[{"start":{"line":80,"column":8},"end":{"line":82,"column":9}},{"start":{},"end":{}}],"line":80},"7":{"loc":{"start":{"line":84,"column":8},"end":{"line":84,"column":87}},"type":"if","locations":[{"start":{"line":84,"column":8},"end":{"line":84,"column":87}},{"start":{},"end":{}}],"line":84},"8":{"loc":{"start":{"line":95,"column":8},"end":{"line":97,"column":9}},"type":"if","locations":[{"start":{"line":95,"column":8},"end":{"line":97,"column":9}},{"start":{},"end":{}}],"line":95},"9":{"loc":{"start":{"line":95,"column":12},"end":{"line":95,"column":72}},"type":"binary-expr","locations":[{"start":{"line":95,"column":12},"end":{"line":95,"column":42}},{"start":{"line":95,"column":46},"end":{"line":95,"column":72}}],"line":95},"10":{"loc":{"start":{"line":111,"column":8},"end":{"line":113,"column":9}},"type":"if","locations":[{"start":{"line":111,"column":8},"end":{"line":113,"column":9}},{"start":{},"end":{}}],"line":111},"11":{"loc":{"start":{"line":133,"column":8},"end":{"line":135,"column":9}},"type":"if","locations":[{"start":{"line":133,"column":8},"end":{"line":135,"column":9}},{"start":{},"end":{}}],"line":133},"12":{"loc":{"start":{"line":161,"column":8},"end":{"line":163,"column":9}},"type":"if","locations":[{"start":{"line":161,"column":8},"end":{"line":163,"column":9}},{"start":{},"end":{}}],"line":161},"13":{"loc":{"start":{"line":166,"column":8},"end":{"line":168,"column":9}},"type":"if","locations":[{"start":{"line":166,"column":8},"end":{"line":168,"column":9}},{"start":{},"end":{}}],"line":166},"14":{"loc":{"start":{"line":171,"column":8},"end":{"line":173,"column":9}},"type":"if","locations":[{"start":{"line":171,"column":8},"end":{"line":173,"column":9}},{"start":{},"end":{}}],"line":171},"15":{"loc":{"start":{"line":171,"column":12},"end":{"line":171,"column":84}},"type":"binary-expr","locations":[{"start":{"line":171,"column":12},"end":{"line":171,"column":47}},{"start":{"line":171,"column":51},"end":{"line":171,"column":84}}],"line":171},"16":{"loc":{"start":{"line":191,"column":8},"end":{"line":193,"column":9}},"type":"if","locations":[{"start":{"line":191,"column":8},"end":{"line":193,"column":9}},{"start":{},"end":{}}],"line":191},"17":{"loc":{"start":{"line":196,"column":8},"end":{"line":198,"column":9}},"type":"if","locations":[{"start":{"line":196,"column":8},"end":{"line":198,"column":9}},{"start":{},"end":{}}],"line":196},"18":{"loc":{"start":{"line":203,"column":12},"end":{"line":207,"column":117}},"type":"binary-expr","locations":[{"start":{"line":203,"column":13},"end":{"line":203,"column":48}},{"start":{"line":203,"column":52},"end":{"line":203,"column":85}},{"start":{"line":205,"column":13},"end":{"line":205,"column":37}},{"start":{"line":205,"column":41},"end":{"line":205,"column":73}},{"start":{"line":207,"column":13},"end":{"line":207,"column":37}},{"start":{"line":207,"column":41},"end":{"line":207,"column":77}},{"start":{"line":207,"column":81},"end":{"line":207,"column":116}}],"line":203},"19":{"loc":{"start":{"line":209,"column":8},"end":{"line":211,"column":9}},"type":"if","locations":[{"start":{"line":209,"column":8},"end":{"line":211,"column":9}},{"start":{},"end":{}}],"line":209}},"s":{"0":1,"1":1,"2":3,"3":3,"4":3,"5":3,"6":2,"7":1,"8":1,"9":4,"10":4,"11":4,"12":4,"13":4,"14":1,"15":4,"16":3,"17":2,"18":1,"19":1,"20":1,"21":5,"22":5,"23":1,"24":4,"25":4,"26":4,"27":3,"28":1,"29":1,"30":5,"31":5,"32":1,"33":4,"34":4,"35":4,"36":3,"37":1,"38":2,"39":1,"40":1,"41":4,"42":4,"43":1,"44":3,"45":2,"46":1,"47":1,"48":1,"49":1,"50":8,"51":8,"52":0,"53":8,"54":8,"55":8,"56":8,"57":2,"58":8,"59":7,"60":1,"61":1,"62":26,"63":26,"64":26,"65":26,"66":26,"67":26,"68":1,"69":25,"70":25,"71":25,"72":24,"73":1,"74":1,"75":5,"76":5,"77":5,"78":5,"79":5,"80":5,"81":1,"82":4,"83":4,"84":1,"85":3,"86":1,"87":2,"88":2,"89":1,"90":1,"91":1,"92":8,"93":8,"94":8,"95":8,"96":8,"97":1,"98":7,"99":7,"100":1,"101":6,"102":6,"103":2,"104":4,"105":4,"106":3,"107":1,"108":1},"f":{"0":3,"1":4,"2":5,"3":5,"4":4,"5":8,"6":26,"7":5,"8":8},"b":{"0":[1,2],"1":[1,3],"2":[2,1],"3":[1,4],"4":[1,4],"5":[1,2],"6":[1,3],"7":[1,1],"8":[0,8],"9":[8,2],"10":[2,6],"11":[1,25],"12":[1,4],"13":[1,3],"14":[1,2],"15":[3,2],"16":[1,7],"17":[1,6],"18":[6,3,3,2,2,1,1],"19":[2,4]},"_coverageSchema":"1a1c01bbd47fc00a2c39e90264f33305004495a9","hash":"b7b4537d61def0a321092b885fcff3104c754a5d"}
,"/home/math-ubuntu/TEMP/FIAP/tech-challenge-2/src/controllers/studentController.js": {"path":"/home/math-ubuntu/TEMP/FIAP/tech-challenge-2/src/controllers/studentController.js","statementMap":{"0":{"start":{"line":1,"column":16},"end":{"line":1,"column":44}},"1":{"start":{"line":2,"column":16},"end":{"line":2,"column":44}},"2":{"start":{"line":3,"column":15},"end":{"line":3,"column":32}},"3":{"start":{"line":6,"column":23},"end":{"line":17,"column":1}},"4":{"start":{"line":7,"column":4},"end":{"line":16,"column":5}},"5":{"start":{"line":8,"column":8},"end":{"line":10,"column":9}},"6":{"start":{"line":9,"column":12},"end":{"line":9,"column":87}},"7":{"start":{"line":12,"column":25},"end":{"line":12,"column":89}},"8":{"start":{"line":13,"column":8},"end":{"line":13,"column":27}},"9":{"start":{"line":15,"column":8},"end":{"line":15,"column":68}},"10":{"start":{"line":20,"column":23},"end":{"line":37,"column":1}},"11":{"start":{"line":21,"column":4},"end":{"line":36,"column":5}},"12":{"start":{"line":22,"column":8},"end":{"line":24,"column":9}},"13":{"start":{"line":23,"column":12},"end":{"line":23,"column":87}},"14":{"start":{"line":26,"column":23},"end":{"line":26,"column":33}},"15":{"start":{"line":27,"column":24},"end":{"line":27,"column":70}},"16":{"start":{"line":29,"column":8},"end":{"line":31,"column":9}},"17":{"start":{"line":30,"column":12},"end":{"line":30,"column":78}},"18":{"start":{"line":33,"column":8},"end":{"line":33,"column":26}},"19":{"start":{"line":35,"column":8},"end":{"line":35,"column":67}},"20":{"start":{"line":40,"column":22},"end":{"line":80,"column":1}},"21":{"start":{"line":41,"column":4},"end":{"line":79,"column":5}},"22":{"start":{"line":42,"column":8},"end":{"line":44,"column":9}},"23":{"start":{"line":43,"column":12},"end":{"line":43,"column":87}},"24":{"start":{"line":46,"column":52},"end":{"line":46,"column":60}},"25":{"start":{"line":49,"column":32},"end":{"line":49,"column":64}},"26":{"start":{"line":50,"column":8},"end":{"line":52,"column":9}},"27":{"start":{"line":51,"column":12},"end":{"line":51,"column":77}},"28":{"start":{"line":54,"column":32},"end":{"line":54,"column":64}},"29":{"start":{"line":55,"column":8},"end":{"line":57,"column":9}},"30":{"start":{"line":56,"column":12},"end":{"line":56,"column":77}},"31":{"start":{"line":60,"column":31},"end":{"line":60,"column":62}},"32":{"start":{"line":62,"column":27},"end":{"line":68,"column":10}},"33":{"start":{"line":70,"column":8},"end":{"line":70,"column":32}},"34":{"start":{"line":73,"column":32},"end":{"line":73,"column":53}},"35":{"start":{"line":74,"column":8},"end":{"line":74,"column":40}},"36":{"start":{"line":76,"column":8},"end":{"line":76,"column":46}},"37":{"start":{"line":78,"column":8},"end":{"line":78,"column":66}},"38":{"start":{"line":83,"column":22},"end":{"line":120,"column":1}},"39":{"start":{"line":84,"column":4},"end":{"line":119,"column":5}},"40":{"start":{"line":85,"column":8},"end":{"line":87,"column":9}},"41":{"start":{"line":86,"column":12},"end":{"line":86,"column":87}},"42":{"start":{"line":89,"column":23},"end":{"line":89,"column":33}},"43":{"start":{"line":90,"column":52},"end":{"line":90,"column":60}},"44":{"start":{"line":92,"column":24},"end":{"line":92,"column":50}},"45":{"start":{"line":93,"column":8},"end":{"line":95,"column":9}},"46":{"start":{"line":94,"column":12},"end":{"line":94,"column":78}},"47":{"start":{"line":98,"column":8},"end":{"line":100,"column":9}},"48":{"start":{"line":99,"column":12},"end":{"line":99,"column":85}},"49":{"start":{"line":103,"column":8},"end":{"line":103,"column":38}},"50":{"start":{"line":103,"column":18},"end":{"line":103,"column":38}},"51":{"start":{"line":104,"column":8},"end":{"line":104,"column":64}},"52":{"start":{"line":104,"column":36},"end":{"line":104,"column":64}},"53":{"start":{"line":105,"column":8},"end":{"line":107,"column":9}},"54":{"start":{"line":106,"column":12},"end":{"line":106,"column":63}},"55":{"start":{"line":108,"column":8},"end":{"line":108,"column":39}},"56":{"start":{"line":110,"column":8},"end":{"line":110,"column":29}},"57":{"start":{"line":113,"column":32},"end":{"line":113,"column":50}},"58":{"start":{"line":114,"column":8},"end":{"line":114,"column":40}},"59":{"start":{"line":116,"column":8},"end":{"line":116,"column":34}},"60":{"start":{"line":118,"column":8},"end":{"line":118,"column":70}},"61":{"start":{"line":123,"column":22},"end":{"line":138,"column":1}},"62":{"start":{"line":124,"column":4},"end":{"line":137,"column":5}},"63":{"start":{"line":125,"column":8},"end":{"line":127,"column":9}},"64":{"start":{"line":126,"column":12},"end":{"line":126,"column":87}},"65":{"start":{"line":129,"column":24},"end":{"line":129,"column":70}},"66":{"start":{"line":130,"column":8},"end":{"line":132,"column":9}},"67":{"start":{"line":131,"column":12},"end":{"line":131,"column":78}},"68":{"start":{"line":134,"column":8},"end":{"line":134,"column":61}},"69":{"start":{"line":136,"column":8},"end":{"line":136,"column":68}},"70":{"start":{"line":140,"column":0},"end":{"line":146,"column":2}}},"fnMap":{"0":{"name":"(anonymous_0)","decl":{"start":{"line":6,"column":23},"end":{"line":6,"column":24}},"loc":{"start":{"line":6,"column":43},"end":{"line":17,"column":1}},"line":6},"1":{"name":"(anonymous_1)","decl":{"start":{"line":20,"column":23},"end":{"line":20,"column":24}},"loc":{"start":{"line":20,"column":43},"end":{"line":37,"column":1}},"line":20},"2":{"name":"(anonymous_2)","decl":{"start":{"line":40,"column":22},"end":{"line":40,"column":23}},"loc":{"start":{"line":40,"column":42},"end":{"line":80,"column":1}},"line":40},"3":{"name":"(anonymous_3)","decl":{"start":{"line":83,"column":22},"end":{"line":83,"column":23}},"loc":{"start":{"line":83,"column":42},"end":{"line":120,"column":1}},"line":83},"4":{"name":"(anonymous_4)","decl":{"start":{"line":123,"column":22},"end":{"line":123,"column":23}},"loc":{"start":{"line":123,"column":42},"end":{"line":138,"column":1}},"line":123}},"branchMap":{"0":{"loc":{"start":{"line":8,"column":8},"end":{"line":10,"column":9}},"type":"if","locations":[{"start":{"line":8,"column":8},"end":{"line":10,"column":9}},{"start":{},"end":{}}],"line":8},"1":{"loc":{"start":{"line":22,"column":8},"end":{"line":24,"column":9}},"type":"if","locations":[{"start":{"line":22,"column":8},"end":{"line":24,"column":9}},{"start":{},"end":{}}],"line":22},"2":{"loc":{"start":{"line":29,"column":8},"end":{"line":31,"column":9}},"type":"if","locations":[{"start":{"line":29,"column":8},"end":{"line":31,"column":9}},{"start":{},"end":{}}],"line":29},"3":{"loc":{"start":{"line":42,"column":8},"end":{"line":44,"column":9}},"type":"if","locations":[{"start":{"line":42,"column":8},"end":{"line":44,"column":9}},{"start":{},"end":{}}],"line":42},"4":{"loc":{"start":{"line":50,"column":8},"end":{"line":52,"column":9}},"type":"if","locations":[{"start":{"line":50,"column":8},"end":{"line":52,"column":9}},{"start":{},"end":{}}],"line":50},"5":{"loc":{"start":{"line":55,"column":8},"end":{"line":57,"column":9}},"type":"if","locations":[{"start":{"line":55,"column":8},"end":{"line":57,"column":9}},{"start":{},"end":{}}],"line":55},"6":{"loc":{"start":{"line":66,"column":22},"end":{"line":66,"column":62}},"type":"cond-expr","locations":[{"start":{"line":66,"column":47},"end":{"line":66,"column":55}},{"start":{"line":66,"column":58},"end":{"line":66,"column":62}}],"line":66},"7":{"loc":{"start":{"line":85,"column":8},"end":{"line":87,"column":9}},"type":"if","locations":[{"start":{"line":85,"column":8},"end":{"line":87,"column":9}},{"start":{},"end":{}}],"line":85},"8":{"loc":{"start":{"line":93,"column":8},"end":{"line":95,"column":9}},"type":"if","locations":[{"start":{"line":93,"column":8},"end":{"line":95,"column":9}},{"start":{},"end":{}}],"line":93},"9":{"loc":{"start":{"line":98,"column":8},"end":{"line":100,"column":9}},"type":"if","locations":[{"start":{"line":98,"column":8},"end":{"line":100,"column":9}},{"start":{},"end":{}}],"line":98},"10":{"loc":{"start":{"line":98,"column":12},"end":{"line":98,"column":44}},"type":"binary-expr","locations":[{"start":{"line":98,"column":12},"end":{"line":98,"column":17}},{"start":{"line":98,"column":21},"end":{"line":98,"column":44}}],"line":98},"11":{"loc":{"start":{"line":103,"column":8},"end":{"line":103,"column":38}},"type":"if","locations":[{"start":{"line":103,"column":8},"end":{"line":103,"column":38}},{"start":{},"end":{}}],"line":103},"12":{"loc":{"start":{"line":104,"column":8},"end":{"line":104,"column":64}},"type":"if","locations":[{"start":{"line":104,"column":8},"end":{"line":104,"column":64}},{"start":{},"end":{}}],"line":104},"13":{"loc":{"start":{"line":105,"column":8},"end":{"line":107,"column":9}},"type":"if","locations":[{"start":{"line":105,"column":8},"end":{"line":107,"column":9}},{"start":{},"end":{}}],"line":105},"14":{"loc":{"start":{"line":125,"column":8},"end":{"line":127,"column":9}},"type":"if","locations":[{"start":{"line":125,"column":8},"end":{"line":127,"column":9}},{"start":{},"end":{}}],"line":125},"15":{"loc":{"start":{"line":130,"column":8},"end":{"line":132,"column":9}},"type":"if","locations":[{"start":{"line":130,"column":8},"end":{"line":132,"column":9}},{"start":{},"end":{}}],"line":130}},"s":{"0":1,"1":1,"2":1,"3":1,"4":3,"5":3,"6":1,"7":2,"8":1,"9":1,"10":1,"11":4,"12":4,"13":1,"14":3,"15":3,"16":2,"17":1,"18":1,"19":1,"20":1,"21":8,"22":8,"23":1,"24":7,"25":7,"26":7,"27":1,"28":6,"29":6,"30":1,"31":5,"32":5,"33":5,"34":4,"35":4,"36":4,"37":1,"38":1,"39":11,"40":11,"41":1,"42":10,"43":10,"44":10,"45":9,"46":1,"47":8,"48":1,"49":7,"50":4,"51":7,"52":3,"53":7,"54":1,"55":7,"56":7,"57":7,"58":7,"59":7,"60":1,"61":1,"62":4,"63":4,"64":1,"65":3,"66":2,"67":1,"68":1,"69":1,"70":1},"f":{"0":3,"1":4,"2":8,"3":11,"4":4},"b":{"0":[1,2],"1":[1,3],"2":[1,1],"3":[1,7],"4":[1,6],"5":[1,5],"6":[3,2],"7":[1,10],"8":[1,8],"9":[1,7],"10":[8,2],"11":[4,3],"12":[3,4],"13":[1,6],"14":[1,3],"15":[1,1]},"_coverageSchema":"1a1c01bbd47fc00a2c39e90264f33305004495a9","hash":"e01fa9fdc7912bebf3a17edf7ef115265cdca253"}
,"/home/math-ubuntu/TEMP/FIAP/tech-challenge-2/src/controllers/teacherController.js": {"path":"/home/math-ubuntu/TEMP/FIAP/tech-challenge-2/src/controllers/teacherController.js","statementMap":{"0":{"start":{"line":1,"column":16},"end":{"line":1,"column":44}},"1":{"start":{"line":2,"column":16},"end":{"line":2,"column":44}},"2":{"start":{"line":3,"column":15},"end":{"line":3,"column":32}},"3":{"start":{"line":6,"column":23},"end":{"line":17,"column":1}},"4":{"start":{"line":7,"column":4},"end":{"line":16,"column":5}},"5":{"start":{"line":8,"column":8},"end":{"line":10,"column":9}},"6":{"start":{"line":9,"column":12},"end":{"line":9,"column":87}},"7":{"start":{"line":12,"column":25},"end":{"line":12,"column":89}},"8":{"start":{"line":13,"column":8},"end":{"line":13,"column":27}},"9":{"start":{"line":15,"column":8},"end":{"line":15,"column":73}},"10":{"start":{"line":20,"column":23},"end":{"line":37,"column":1}},"11":{"start":{"line":21,"column":4},"end":{"line":36,"column":5}},"12":{"start":{"line":22,"column":8},"end":{"line":24,"column":9}},"13":{"start":{"line":23,"column":12},"end":{"line":23,"column":87}},"14":{"start":{"line":26,"column":23},"end":{"line":26,"column":33}},"15":{"start":{"line":27,"column":24},"end":{"line":27,"column":70}},"16":{"start":{"line":29,"column":8},"end":{"line":31,"column":9}},"17":{"start":{"line":30,"column":12},"end":{"line":30,"column":82}},"18":{"start":{"line":33,"column":8},"end":{"line":33,"column":26}},"19":{"start":{"line":35,"column":8},"end":{"line":35,"column":71}},"20":{"start":{"line":40,"column":22},"end":{"line":80,"column":1}},"21":{"start":{"line":41,"column":4},"end":{"line":79,"column":5}},"22":{"start":{"line":42,"column":8},"end":{"line":44,"column":9}},"23":{"start":{"line":43,"column":12},"end":{"line":43,"column":87}},"24":{"start":{"line":46,"column":52},"end":{"line":46,"column":60}},"25":{"start":{"line":49,"column":32},"end":{"line":49,"column":64}},"26":{"start":{"line":50,"column":8},"end":{"line":52,"column":9}},"27":{"start":{"line":51,"column":12},"end":{"line":51,"column":77}},"28":{"start":{"line":54,"column":32},"end":{"line":54,"column":64}},"29":{"start":{"line":55,"column":8},"end":{"line":57,"column":9}},"30":{"start":{"line":56,"column":12},"end":{"line":56,"column":77}},"31":{"start":{"line":60,"column":31},"end":{"line":60,"column":62}},"32":{"start":{"line":62,"column":27},"end":{"line":68,"column":10}},"33":{"start":{"line":70,"column":8},"end":{"line":70,"column":32}},"34":{"start":{"line":73,"column":32},"end":{"line":73,"column":53}},"35":{"start":{"line":74,"column":8},"end":{"line":74,"column":40}},"36":{"start":{"line":76,"column":8},"end":{"line":76,"column":46}},"37":{"start":{"line":78,"column":8},"end":{"line":78,"column":70}},"38":{"start":{"line":83,"column":22},"end":{"line":120,"column":1}},"39":{"start":{"line":84,"column":4},"end":{"line":119,"column":5}},"40":{"start":{"line":85,"column":8},"end":{"line":87,"column":9}},"41":{"start":{"line":86,"column":12},"end":{"line":86,"column":87}},"42":{"start":{"line":89,"column":23},"end":{"line":89,"column":33}},"43":{"start":{"line":90,"column":52},"end":{"line":90,"column":60}},"44":{"start":{"line":92,"column":24},"end":{"line":92,"column":50}},"45":{"start":{"line":93,"column":8},"end":{"line":95,"column":9}},"46":{"start":{"line":94,"column":12},"end":{"line":94,"column":82}},"47":{"start":{"line":98,"column":8},"end":{"line":100,"column":9}},"48":{"start":{"line":99,"column":12},"end":{"line":99,"column":85}},"49":{"start":{"line":103,"column":8},"end":{"line":103,"column":38}},"50":{"start":{"line":103,"column":18},"end":{"line":103,"column":38}},"51":{"start":{"line":104,"column":8},"end":{"line":104,"column":64}},"52":{"start":{"line":104,"column":36},"end":{"line":104,"column":64}},"53":{"start":{"line":105,"column":8},"end":{"line":107,"column":9}},"54":{"start":{"line":106,"column":12},"end":{"line":106,"column":63}},"55":{"start":{"line":108,"column":8},"end":{"line":108,"column":39}},"56":{"start":{"line":110,"column":8},"end":{"line":110,"column":29}},"57":{"start":{"line":113,"column":32},"end":{"line":113,"column":50}},"58":{"start":{"line":114,"column":8},"end":{"line":114,"column":40}},"59":{"start":{"line":116,"column":8},"end":{"line":116,"column":34}},"60":{"start":{"line":118,"column":8},"end":{"line":118,"column":74}},"61":{"start":{"line":123,"column":22},"end":{"line":138,"column":1}},"62":{"start":{"line":124,"column":4},"end":{"line":137,"column":5}},"63":{"start":{"line":125,"column":8},"end":{"line":127,"column":9}},"64":{"start":{"line":126,"column":12},"end":{"line":126,"column":87}},"65":{"start":{"line":129,"column":24},"end":{"line":129,"column":70}},"66":{"start":{"line":130,"column":8},"end":{"line":132,"column":9}},"67":{"start":{"line":131,"column":12},"end":{"line":131,"column":82}},"68":{"start":{"line":134,"column":8},"end":{"line":134,"column":65}},"69":{"start":{"line":136,"column":8},"end":{"line":136,"column":72}},"70":{"start":{"line":140,"column":0},"end":{"line":146,"column":2}}},"fnMap":{"0":{"name":"(anonymous_0)","decl":{"start":{"line":6,"column":23},"end":{"line":6,"column":24}},"loc":{"start":{"line":6,"column":43},"end":{"line":17,"column":1}},"line":6},"1":{"name":"(anonymous_1)","decl":{"start":{"line":20,"column":23},"end":{"line":20,"column":24}},"loc":{"start":{"line":20,"column":43},"end":{"line":37,"column":1}},"line":20},"2":{"name":"(anonymous_2)","decl":{"start":{"line":40,"column":22},"end":{"line":40,"column":23}},"loc":{"start":{"line":40,"column":42},"end":{"line":80,"column":1}},"line":40},"3":{"name":"(anonymous_3)","decl":{"start":{"line":83,"column":22},"end":{"line":83,"column":23}},"loc":{"start":{"line":83,"column":42},"end":{"line":120,"column":1}},"line":83},"4":{"name":"(anonymous_4)","decl":{"start":{"line":123,"column":22},"end":{"line":123,"column":23}},"loc":{"start":{"line":123,"column":42},"end":{"line":138,"column":1}},"line":123}},"branchMap":{"0":{"loc":{"start":{"line":8,"column":8},"end":{"line":10,"column":9}},"type":"if","locations":[{"start":{"line":8,"column":8},"end":{"line":10,"column":9}},{"start":{},"end":{}}],"line":8},"1":{"loc":{"start":{"line":22,"column":8},"end":{"line":24,"column":9}},"type":"if","locations":[{"start":{"line":22,"column":8},"end":{"line":24,"column":9}},{"start":{},"end":{}}],"line":22},"2":{"loc":{"start":{"line":29,"column":8},"end":{"line":31,"column":9}},"type":"if","locations":[{"start":{"line":29,"column":8},"end":{"line":31,"column":9}},{"start":{},"end":{}}],"line":29},"3":{"loc":{"start":{"line":42,"column":8},"end":{"line":44,"column":9}},"type":"if","locations":[{"start":{"line":42,"column":8},"end":{"line":44,"column":9}},{"start":{},"end":{}}],"line":42},"4":{"loc":{"start":{"line":50,"column":8},"end":{"line":52,"column":9}},"type":"if","locations":[{"start":{"line":50,"column":8},"end":{"line":52,"column":9}},{"start":{},"end":{}}],"line":50},"5":{"loc":{"start":{"line":55,"column":8},"end":{"line":57,"column":9}},"type":"if","locations":[{"start":{"line":55,"column":8},"end":{"line":57,"column":9}},{"start":{},"end":{}}],"line":55},"6":{"loc":{"start":{"line":66,"column":22},"end":{"line":66,"column":62}},"type":"cond-expr","locations":[{"start":{"line":66,"column":47},"end":{"line":66,"column":55}},{"start":{"line":66,"column":58},"end":{"line":66,"column":62}}],"line":66},"7":{"loc":{"start":{"line":85,"column":8},"end":{"line":87,"column":9}},"type":"if","locations":[{"start":{"line":85,"column":8},"end":{"line":87,"column":9}},{"start":{},"end":{}}],"line":85},"8":{"loc":{"start":{"line":93,"column":8},"end":{"line":95,"column":9}},"type":"if","locations":[{"start":{"line":93,"column":8},"end":{"line":95,"column":9}},{"start":{},"end":{}}],"line":93},"9":{"loc":{"start":{"line":98,"column":8},"end":{"line":100,"column":9}},"type":"if","locations":[{"start":{"line":98,"column":8},"end":{"line":100,"column":9}},{"start":{},"end":{}}],"line":98},"10":{"loc":{"start":{"line":98,"column":12},"end":{"line":98,"column":44}},"type":"binary-expr","locations":[{"start":{"line":98,"column":12},"end":{"line":98,"column":17}},{"start":{"line":98,"column":21},"end":{"line":98,"column":44}}],"line":98},"11":{"loc":{"start":{"line":103,"column":8},"end":{"line":103,"column":38}},"type":"if","locations":[{"start":{"line":103,"column":8},"end":{"line":103,"column":38}},{"start":{},"end":{}}],"line":103},"12":{"loc":{"start":{"line":104,"column":8},"end":{"line":104,"column":64}},"type":"if","locations":[{"start":{"line":104,"column":8},"end":{"line":104,"column":64}},{"start":{},"end":{}}],"line":104},"13":{"loc":{"start":{"line":105,"column":8},"end":{"line":107,"column":9}},"type":"if","locations":[{"start":{"line":105,"column":8},"end":{"line":107,"column":9}},{"start":{},"end":{}}],"line":105},"14":{"loc":{"start":{"line":125,"column":8},"end":{"line":127,"column":9}},"type":"if","locations":[{"start":{"line":125,"column":8},"end":{"line":127,"column":9}},{"start":{},"end":{}}],"line":125},"15":{"loc":{"start":{"line":130,"column":8},"end":{"line":132,"column":9}},"type":"if","locations":[{"start":{"line":130,"column":8},"end":{"line":132,"column":9}},{"start":{},"end":{}}],"line":130}},"s":{"0":1,"1":1,"2":1,"3":1,"4":3,"5":3,"6":1,"7":2,"8":1,"9":1,"10":1,"11":4,"12":4,"13":1,"14":3,"15":3,"16":2,"17":1,"18":1,"19":1,"20":1,"21":8,"22":8,"23":1,"24":7,"25":7,"26":7,"27":1,"28":6,"29":6,"30":1,"31":5,"32":5,"33":5,"34":4,"35":4,"36":4,"37":1,"38":1,"39":11,"40":11,"41":1,"42":10,"43":10,"44":10,"45":9,"46":1,"47":8,"48":1,"49":7,"50":4,"51":7,"52":3,"53":7,"54":1,"55":7,"56":7,"57":7,"58":7,"59":7,"60":1,"61":1,"62":4,"63":4,"64":1,"65":3,"66":2,"67":1,"68":1,"69":1,"70":1},"f":{"0":3,"1":4,"2":8,"3":11,"4":4},"b":{"0":[1,2],"1":[1,3],"2":[1,1],"3":[1,7],"4":[1,6],"5":[1,5],"6":[3,2],"7":[1,10],"8":[1,8],"9":[1,7],"10":[8,2],"11":[4,3],"12":[3,4],"13":[1,6],"14":[1,3],"15":[1,1]},"_coverageSchema":"1a1c01bbd47fc00a2c39e90264f33305004495a9","hash":"526a502a1e8fdf4f6416689152ec686870f33d89"}
,"/home/math-ubuntu/TEMP/FIAP/tech-challenge-2/src/middlewares/auth.js": {"path":"/home/math-ubuntu/TEMP/FIAP/tech-challenge-2/src/middlewares/auth.js","statementMap":{"0":{"start":{"line":1,"column":12},"end":{"line":1,"column":35}},"1":{"start":{"line":3,"column":13},"end":{"line":17,"column":1}},"2":{"start":{"line":3,"column":19},"end":{"line":17,"column":1}},"3":{"start":{"line":4,"column":16},"end":{"line":4,"column":56}},"4":{"start":{"line":6,"column":2},"end":{"line":8,"column":3}},"5":{"start":{"line":7,"column":4},"end":{"line":7,"column":69}},"6":{"start":{"line":10,"column":2},"end":{"line":16,"column":3}},"7":{"start":{"line":11,"column":20},"end":{"line":11,"column":61}},"8":{"start":{"line":12,"column":4},"end":{"line":12,"column":23}},"9":{"start":{"line":13,"column":4},"end":{"line":13,"column":11}},"10":{"start":{"line":15,"column":4},"end":{"line":15,"column":64}},"11":{"start":{"line":19,"column":0},"end":{"line":19,"column":22}}},"fnMap":{"0":{"name":"(anonymous_0)","decl":{"start":{"line":3,"column":13},"end":{"line":3,"column":14}},"loc":{"start":{"line":3,"column":19},"end":{"line":17,"column":1}},"line":3},"1":{"name":"(anonymous_1)","decl":{"start":{"line":3,"column":19},"end":{"line":3,"column":20}},"loc":{"start":{"line":3,"column":39},"end":{"line":17,"column":1}},"line":3}},"branchMap":{"0":{"loc":{"start":{"line":6,"column":2},"end":{"line":8,"column":3}},"type":"if","locations":[{"start":{"line":6,"column":2},"end":{"line":8,"column":3}},{"start":{},"end":{}}],"line":6}},"s":{"0":3,"1":3,"2":19,"3":165,"4":165,"5":18,"6":147,"7":147,"8":146,"9":146,"10":1,"11":3},"f":{"0":19,"1":165},"b":{"0":[18,147]},"_coverageSchema":"1a1c01bbd47fc00a2c39e90264f33305004495a9","hash":"0d3a88cdb3df8bfdd0799031df86e764595a2130"}
,"/home/math-ubuntu/TEMP/FIAP/tech-challenge-2/src/middlewares/validate.js": {"path":"/home/math-ubuntu/TEMP/FIAP/tech-challenge-2/src/middlewares/validate.js","statementMap":{"0":{"start":{"line":1,"column":29},"end":{"line":1,"column":57}},"1":{"start":{"line":3,"column":0},"end":{"line":12,"column":2}},"2":{"start":{"line":4,"column":17},"end":{"line":4,"column":38}},"3":{"start":{"line":5,"column":2},"end":{"line":10,"column":3}},"4":{"start":{"line":6,"column":4},"end":{"line":9,"column":7}},"5":{"start":{"line":11,"column":2},"end":{"line":11,"column":9}}},"fnMap":{"0":{"name":"(anonymous_0)","decl":{"start":{"line":3,"column":17},"end":{"line":3,"column":18}},"loc":{"start":{"line":3,"column":37},"end":{"line":12,"column":1}},"line":3}},"branchMap":{"0":{"loc":{"start":{"line":5,"column":2},"end":{"line":10,"column":3}},"type":"if","locations":[{"start":{"line":5,"column":2},"end":{"line":10,"column":3}},{"start":{},"end":{}}],"line":5}},"s":{"0":4,"1":4,"2":409,"3":409,"4":26,"5":383},"f":{"0":409},"b":{"0":[26,383]},"_coverageSchema":"1a1c01bbd47fc00a2c39e90264f33305004495a9","hash":"18d8f3010af8c0a404d9695a609caedd575d37af"}
,"/home/math-ubuntu/TEMP/FIAP/tech-challenge-2/src/models/Post.js": {"path":"/home/math-ubuntu/TEMP/FIAP/tech-challenge-2/src/models/Post.js","statementMap":{"0":{"start":{"line":1,"column":17},"end":{"line":1,"column":36}},"1":{"start":{"line":3,"column":19},"end":{"line":60,"column":2}},"2":{"start":{"line":62,"column":0},"end":{"line":62,"column":52}}},"fnMap":{},"branchMap":{},"s":{"0":1,"1":1,"2":1},"f":{},"b":{},"_coverageSchema":"1a1c01bbd47fc00a2c39e90264f33305004495a9","hash":"8a6695bab3195683b2bb8067ccdd7a04ae0254a2"}
,"/home/math-ubuntu/TEMP/FIAP/tech-challenge-2/src/models/Student.js": {"path":"/home/math-ubuntu/TEMP/FIAP/tech-challenge-2/src/models/Student.js","statementMap":{"0":{"start":{"line":1,"column":17},"end":{"line":1,"column":36}},"1":{"start":{"line":3,"column":22},"end":{"line":37,"column":2}},"2":{"start":{"line":39,"column":0},"end":{"line":39,"column":58}}},"fnMap":{},"branchMap":{},"s":{"0":4,"1":4,"2":4},"f":{},"b":{},"_coverageSchema":"1a1c01bbd47fc00a2c39e90264f33305004495a9","hash":"af29489b76bfe6fdde99d4ba434a66eb9324e915"}
,"/home/math-ubuntu/TEMP/FIAP/tech-challenge-2/src/models/Teacher.js": {"path":"/home/math-ubuntu/TEMP/FIAP/tech-challenge-2/src/models/Teacher.js","statementMap":{"0":{"start":{"line":1,"column":17},"end":{"line":1,"column":36}},"1":{"start":{"line":3,"column":22},"end":{"line":37,"column":2}},"2":{"start":{"line":39,"column":0},"end":{"line":39,"column":58}}},"fnMap":{},"branchMap":{},"s":{"0":4,"1":4,"2":4},"f":{},"b":{},"_coverageSchema":"1a1c01bbd47fc00a2c39e90264f33305004495a9","hash":"c0c74ce83fa6a7b6eabc4a19efc1474ac7c8360d"}
,"/home/math-ubuntu/TEMP/FIAP/tech-challenge-2/src/routes/authRoutes.js": {"path":"/home/math-ubuntu/TEMP/FIAP/tech-challenge-2/src/routes/authRoutes.js","statementMap":{"0":{"start":{"line":1,"column":16},"end":{"line":1,"column":34}},"1":{"start":{"line":2,"column":18},"end":{"line":2,"column":58}},"2":{"start":{"line":3,"column":33},"end":{"line":3,"column":71}},"3":{"start":{"line":4,"column":17},"end":{"line":4,"column":51}},"4":{"start":{"line":6,"column":15},"end":{"line":6,"column":31}},"5":{"start":{"line":73,"column":0},"end":{"line":73,"column":56}},"6":{"start":{"line":75,"column":0},"end":{"line":75,"column":24}}},"fnMap":{},"branchMap":{},"s":{"0":4,"1":4,"2":4,"3":4,"4":4,"5":4,"6":4},"f":{},"b":{},"_coverageSchema":"1a1c01bbd47fc00a2c39e90264f33305004495a9","hash":"5b7caadb629677ab8ab70d234e1dd8d75692bbc4"}
,"/home/math-ubuntu/TEMP/FIAP/tech-challenge-2/src/routes/postRoutes.js": {"path":"/home/math-ubuntu/TEMP/FIAP/tech-challenge-2/src/routes/postRoutes.js","statementMap":{"0":{"start":{"line":1,"column":16},"end":{"line":1,"column":34}},"1":{"start":{"line":2,"column":15},"end":{"line":2,"column":31}},"2":{"start":{"line":3,"column":23},"end":{"line":3,"column":63}},"3":{"start":{"line":4,"column":86},"end":{"line":4,"column":124}},"4":{"start":{"line":5,"column":17},"end":{"line":5,"column":51}},"5":{"start":{"line":6,"column":13},"end":{"line":6,"column":43}},"6":{"start":{"line":105,"column":0},"end":{"line":105,"column":52}},"7":{"start":{"line":132,"column":0},"end":{"line":132,"column":58}},"8":{"start":{"line":159,"column":0},"end":{"line":159,"column":55}},"9":{"start":{"line":185,"column":0},"end":{"line":185,"column":83}},"10":{"start":{"line":220,"column":0},"end":{"line":220,"column":85}},"11":{"start":{"line":243,"column":0},"end":{"line":243,"column":57}},"12":{"start":{"line":286,"column":0},"end":{"line":286,"column":98}},"13":{"start":{"line":337,"column":0},"end":{"line":337,"column":117}},"14":{"start":{"line":378,"column":0},"end":{"line":378,"column":80}},"15":{"start":{"line":380,"column":0},"end":{"line":380,"column":24}}},"fnMap":{},"branchMap":{},"s":{"0":1,"1":1,"2":1,"3":1,"4":1,"5":1,"6":1,"7":1,"8":1,"9":1,"10":1,"11":1,"12":1,"13":1,"14":1,"15":1},"f":{},"b":{},"_coverageSchema":"1a1c01bbd47fc00a2c39e90264f33305004495a9","hash":"2b73bc20535ba3ddd7c995fcb5ccd8c4e6ea2197"}
,"/home/math-ubuntu/TEMP/FIAP/tech-challenge-2/src/routes/studentRoutes.js": {"path":"/home/math-ubuntu/TEMP/FIAP/tech-challenge-2/src/routes/studentRoutes.js","statementMap":{"0":{"start":{"line":1,"column":16},"end":{"line":1,"column":34}},"1":{"start":{"line":2,"column":15},"end":{"line":2,"column":31}},"2":{"start":{"line":3,"column":26},"end":{"line":3,"column":69}},"3":{"start":{"line":4,"column":65},"end":{"line":4,"column":106}},"4":{"start":{"line":5,"column":17},"end":{"line":5,"column":51}},"5":{"start":{"line":6,"column":13},"end":{"line":6,"column":43}},"6":{"start":{"line":84,"column":0},"end":{"line":84,"column":58}},"7":{"start":{"line":113,"column":0},"end":{"line":113,"column":61}},"8":{"start":{"line":164,"column":0},"end":{"line":164,"column":92}},"9":{"start":{"line":219,"column":0},"end":{"line":219,"column":100}},"10":{"start":{"line":244,"column":0},"end":{"line":244,"column":63}},"11":{"start":{"line":246,"column":0},"end":{"line":246,"column":24}}},"fnMap":{},"branchMap":{},"s":{"0":1,"1":1,"2":1,"3":1,"4":1,"5":1,"6":1,"7":1,"8":1,"9":1,"10":1,"11":1},"f":{},"b":{},"_coverageSchema":"1a1c01bbd47fc00a2c39e90264f33305004495a9","hash":"8dd12ecebfab999c360a23acd11bd221b0c6966a"}
,"/home/math-ubuntu/TEMP/FIAP/tech-challenge-2/src/routes/teacherRoutes.js": {"path":"/home/math-ubuntu/TEMP/FIAP/tech-challenge-2/src/routes/teacherRoutes.js","statementMap":{"0":{"start":{"line":1,"column":16},"end":{"line":1,"column":34}},"1":{"start":{"line":2,"column":15},"end":{"line":2,"column":31}},"2":{"start":{"line":3,"column":26},"end":{"line":3,"column":69}},"3":{"start":{"line":4,"column":65},"end":{"line":4,"column":106}},"4":{"start":{"line":5,"column":17},"end":{"line":5,"column":51}},"5":{"start":{"line":6,"column":13},"end":{"line":6,"column":43}},"6":{"start":{"line":84,"column":0},"end":{"line":84,"column":58}},"7":{"start":{"line":113,"column":0},"end":{"line":113,"column":61}},"8":{"start":{"line":164,"column":0},"end":{"line":164,"column":92}},"9":{"start":{"line":219,"column":0},"end":{"line":219,"column":100}},"10":{"start":{"line":244,"column":0},"end":{"line":244,"column":63}},"11":{"start":{"line":246,"column":0},"end":{"line":246,"column":24}}},"fnMap":{},"branchMap":{},"s":{"0":1,"1":1,"2":1,"3":1,"4":1,"5":1,"6":1,"7":1,"8":1,"9":1,"10":1,"11":1},"f":{},"b":{},"_coverageSchema":"1a1c01bbd47fc00a2c39e90264f33305004495a9","hash":"977aa9f8c81aff2fa08e643a7a54ebc965b9f4e5"}
,"/home/math-ubuntu/TEMP/FIAP/tech-challenge-2/src/validators/authValidator.js": {"path":"/home/math-ubuntu/TEMP/FIAP/tech-challenge-2/src/validators/authValidator.js","statementMap":{"0":{"start":{"line":1,"column":17},"end":{"line":1,"column":45}},"1":{"start":{"line":3,"column":29},"end":{"line":14,"column":1}},"2":{"start":{"line":16,"column":0},"end":{"line":16,"column":42}}},"fnMap":{},"branchMap":{},"s":{"0":4,"1":4,"2":4},"f":{},"b":{},"_coverageSchema":"1a1c01bbd47fc00a2c39e90264f33305004495a9","hash":"3f0063a593d5cc97fd9b8a57b9ef4482ce0e7d84"}
,"/home/math-ubuntu/TEMP/FIAP/tech-challenge-2/src/validators/postValidator.js": {"path":"/home/math-ubuntu/TEMP/FIAP/tech-challenge-2/src/validators/postValidator.js","statementMap":{"0":{"start":{"line":1,"column":17},"end":{"line":1,"column":45}},"1":{"start":{"line":3,"column":28},"end":{"line":31,"column":1}},"2":{"start":{"line":34,"column":31},"end":{"line":41,"column":1}},"3":{"start":{"line":44,"column":37},"end":{"line":44,"column":59}},"4":{"start":{"line":46,"column":0},"end":{"line":50,"column":2}}},"fnMap":{},"branchMap":{},"s":{"0":1,"1":1,"2":1,"3":1,"4":1},"f":{},"b":{},"_coverageSchema":"1a1c01bbd47fc00a2c39e90264f33305004495a9","hash":"064e573ebc7bddcaf0bebe88a20ffdef0177cd0f"}
,"/home/math-ubuntu/TEMP/FIAP/tech-challenge-2/src/validators/studentValidator.js": {"path":"/home/math-ubuntu/TEMP/FIAP/tech-challenge-2/src/validators/studentValidator.js","statementMap":{"0":{"start":{"line":1,"column":17},"end":{"line":1,"column":45}},"1":{"start":{"line":3,"column":31},"end":{"line":26,"column":1}},"2":{"start":{"line":28,"column":37},"end":{"line":54,"column":1}},"3":{"start":{"line":56,"column":0},"end":{"line":59,"column":2}}},"fnMap":{},"branchMap":{},"s":{"0":1,"1":1,"2":1,"3":1},"f":{},"b":{},"_coverageSchema":"1a1c01bbd47fc00a2c39e90264f33305004495a9","hash":"2bdcc9c4e70a3639e977e7fb81a12ac488268c0a"}
,"/home/math-ubuntu/TEMP/FIAP/tech-challenge-2/src/validators/teacherValidator.js": {"path":"/home/math-ubuntu/TEMP/FIAP/tech-challenge-2/src/validators/teacherValidator.js","statementMap":{"0":{"start":{"line":1,"column":17},"end":{"line":1,"column":45}},"1":{"start":{"line":3,"column":31},"end":{"line":26,"column":1}},"2":{"start":{"line":28,"column":37},"end":{"line":54,"column":1}},"3":{"start":{"line":56,"column":0},"end":{"line":59,"column":2}}},"fnMap":{},"branchMap":{},"s":{"0":1,"1":1,"2":1,"3":1},"f":{},"b":{},"_coverageSchema":"1a1c01bbd47fc00a2c39e90264f33305004495a9","hash":"acda7f734e597c4c8c17b2e3cdf6100fb3fd688d"}
}
