{"/home/math-wsl/TEMP/tech-challenge/src/controllers/postController.js": {"path":"/home/math-wsl/TEMP/tech-challenge/src/controllers/postController.js","statementMap":{"0":{"start":{"line":1,"column":13},"end":{"line":1,"column":38}},"1":{"start":{"line":4,"column":20},"end":{"line":15,"column":1}},"2":{"start":{"line":5,"column":4},"end":{"line":14,"column":5}},"3":{"start":{"line":6,"column":28},"end":{"line":6,"column":58}},"4":{"start":{"line":7,"column":22},"end":{"line":7,"column":59}},"5":{"start":{"line":8,"column":8},"end":{"line":8,"column":54}},"6":{"start":{"line":10,"column":22},"end":{"line":10,"column":68}},"7":{"start":{"line":11,"column":8},"end":{"line":11,"column":24}},"8":{"start":{"line":13,"column":8},"end":{"line":13,"column":67}},"9":{"start":{"line":18,"column":20},"end":{"line":38,"column":1}},"10":{"start":{"line":19,"column":4},"end":{"line":37,"column":5}},"11":{"start":{"line":20,"column":23},"end":{"line":20,"column":33}},"12":{"start":{"line":21,"column":28},"end":{"line":21,"column":58}},"13":{"start":{"line":23,"column":23},"end":{"line":23,"column":34}},"14":{"start":{"line":24,"column":8},"end":{"line":26,"column":9}},"15":{"start":{"line":25,"column":12},"end":{"line":25,"column":35}},"16":{"start":{"line":28,"column":21},"end":{"line":28,"column":47}},"17":{"start":{"line":30,"column":8},"end":{"line":32,"column":9}},"18":{"start":{"line":31,"column":12},"end":{"line":31,"column":77}},"19":{"start":{"line":34,"column":8},"end":{"line":34,"column":23}},"20":{"start":{"line":36,"column":8},"end":{"line":36,"column":66}},"21":{"start":{"line":41,"column":19},"end":{"line":53,"column":1}},"22":{"start":{"line":42,"column":4},"end":{"line":52,"column":5}},"23":{"start":{"line":43,"column":8},"end":{"line":45,"column":9}},"24":{"start":{"line":44,"column":12},"end":{"line":44,"column":87}},"25":{"start":{"line":46,"column":63},"end":{"line":46,"column":71}},"26":{"start":{"line":47,"column":24},"end":{"line":47,"column":80}},"27":{"start":{"line":48,"column":8},"end":{"line":48,"column":29}},"28":{"start":{"line":49,"column":8},"end":{"line":49,"column":38}},"29":{"start":{"line":51,"column":8},"end":{"line":51,"column":65}},"30":{"start":{"line":56,"column":19},"end":{"line":75,"column":1}},"31":{"start":{"line":57,"column":4},"end":{"line":74,"column":5}},"32":{"start":{"line":58,"column":8},"end":{"line":60,"column":9}},"33":{"start":{"line":59,"column":12},"end":{"line":59,"column":87}},"34":{"start":{"line":61,"column":63},"end":{"line":61,"column":71}},"35":{"start":{"line":62,"column":23},"end":{"line":62,"column":33}},"36":{"start":{"line":63,"column":24},"end":{"line":67,"column":9}},"37":{"start":{"line":68,"column":8},"end":{"line":70,"column":9}},"38":{"start":{"line":69,"column":12},"end":{"line":69,"column":77}},"39":{"start":{"line":71,"column":8},"end":{"line":71,"column":26}},"40":{"start":{"line":73,"column":8},"end":{"line":73,"column":69}},"41":{"start":{"line":78,"column":19},"end":{"line":89,"column":1}},"42":{"start":{"line":79,"column":4},"end":{"line":88,"column":5}},"43":{"start":{"line":80,"column":8},"end":{"line":82,"column":9}},"44":{"start":{"line":81,"column":12},"end":{"line":81,"column":87}},"45":{"start":{"line":83,"column":24},"end":{"line":83,"column":67}},"46":{"start":{"line":84,"column":8},"end":{"line":84,"column":87}},"47":{"start":{"line":84,"column":22},"end":{"line":84,"column":87}},"48":{"start":{"line":85,"column":8},"end":{"line":85,"column":60}},"49":{"start":{"line":87,"column":8},"end":{"line":87,"column":67}},"50":{"start":{"line":92,"column":20},"end":{"line":109,"column":1}},"51":{"start":{"line":93,"column":4},"end":{"line":108,"column":5}},"52":{"start":{"line":94,"column":8},"end":{"line":96,"column":9}},"53":{"start":{"line":95,"column":12},"end":{"line":95,"column":87}},"54":{"start":{"line":97,"column":22},"end":{"line":97,"column":33}},"55":{"start":{"line":98,"column":22},"end":{"line":104,"column":10}},"56":{"start":{"line":105,"column":8},"end":{"line":105,"column":24}},"57":{"start":{"line":107,"column":8},"end":{"line":107,"column":60}},"58":{"start":{"line":111,"column":0},"end":{"line":118,"column":2}}},"fnMap":{"0":{"name":"(anonymous_0)","decl":{"start":{"line":4,"column":20},"end":{"line":4,"column":21}},"loc":{"start":{"line":4,"column":40},"end":{"line":15,"column":1}},"line":4},"1":{"name":"(anonymous_1)","decl":{"start":{"line":18,"column":20},"end":{"line":18,"column":21}},"loc":{"start":{"line":18,"column":40},"end":{"line":38,"column":1}},"line":18},"2":{"name":"(anonymous_2)","decl":{"start":{"line":41,"column":19},"end":{"line":41,"column":20}},"loc":{"start":{"line":41,"column":39},"end":{"line":53,"column":1}},"line":41},"3":{"name":"(anonymous_3)","decl":{"start":{"line":56,"column":19},"end":{"line":56,"column":20}},"loc":{"start":{"line":56,"column":39},"end":{"line":75,"column":1}},"line":56},"4":{"name":"(anonymous_4)","decl":{"start":{"line":78,"column":19},"end":{"line":78,"column":20}},"loc":{"start":{"line":78,"column":39},"end":{"line":89,"column":1}},"line":78},"5":{"name":"(anonymous_5)","decl":{"start":{"line":92,"column":20},"end":{"line":92,"column":21}},"loc":{"start":{"line":92,"column":40},"end":{"line":109,"column":1}},"line":92}},"branchMap":{"0":{"loc":{"start":{"line":7,"column":22},"end":{"line":7,"column":59}},"type":"cond-expr","locations":[{"start":{"line":7,"column":36},"end":{"line":7,"column":38}},{"start":{"line":7,"column":41},"end":{"line":7,"column":59}}],"line":7},"1":{"loc":{"start":{"line":24,"column":8},"end":{"line":26,"column":9}},"type":"if","locations":[{"start":{"line":24,"column":8},"end":{"line":26,"column":9}},{"start":{},"end":{}}],"line":24},"2":{"loc":{"start":{"line":30,"column":8},"end":{"line":32,"column":9}},"type":"if","locations":[{"start":{"line":30,"column":8},"end":{"line":32,"column":9}},{"start":{},"end":{}}],"line":30},"3":{"loc":{"start":{"line":43,"column":8},"end":{"line":45,"column":9}},"type":"if","locations":[{"start":{"line":43,"column":8},"end":{"line":45,"column":9}},{"start":{},"end":{}}],"line":43},"4":{"loc":{"start":{"line":58,"column":8},"end":{"line":60,"column":9}},"type":"if","locations":[{"start":{"line":58,"column":8},"end":{"line":60,"column":9}},{"start":{},"end":{}}],"line":58},"5":{"loc":{"start":{"line":68,"column":8},"end":{"line":70,"column":9}},"type":"if","locations":[{"start":{"line":68,"column":8},"end":{"line":70,"column":9}},{"start":{},"end":{}}],"line":68},"6":{"loc":{"start":{"line":80,"column":8},"end":{"line":82,"column":9}},"type":"if","locations":[{"start":{"line":80,"column":8},"end":{"line":82,"column":9}},{"start":{},"end":{}}],"line":80},"7":{"loc":{"start":{"line":84,"column":8},"end":{"line":84,"column":87}},"type":"if","locations":[{"start":{"line":84,"column":8},"end":{"line":84,"column":87}},{"start":{},"end":{}}],"line":84},"8":{"loc":{"start":{"line":94,"column":8},"end":{"line":96,"column":9}},"type":"if","locations":[{"start":{"line":94,"column":8},"end":{"line":96,"column":9}},{"start":{},"end":{}}],"line":94}},"s":{"0":1,"1":1,"2":3,"3":3,"4":3,"5":3,"6":3,"7":2,"8":1,"9":1,"10":4,"11":4,"12":4,"13":4,"14":4,"15":1,"16":4,"17":3,"18":2,"19":1,"20":1,"21":1,"22":3,"23":3,"24":1,"25":2,"26":2,"27":2,"28":1,"29":1,"30":1,"31":4,"32":4,"33":1,"34":3,"35":3,"36":3,"37":2,"38":1,"39":1,"40":1,"41":1,"42":4,"43":4,"44":1,"45":3,"46":2,"47":1,"48":1,"49":1,"50":1,"51":4,"52":4,"53":1,"54":3,"55":3,"56":2,"57":1,"58":1},"f":{"0":3,"1":4,"2":3,"3":4,"4":4,"5":4},"b":{"0":[1,2],"1":[1,3],"2":[2,1],"3":[1,2],"4":[1,3],"5":[1,1],"6":[1,3],"7":[1,1],"8":[1,3]},"_coverageSchema":"1a1c01bbd47fc00a2c39e90264f33305004495a9","hash":"cbc804c2ce7eefa89836af7dc58c69979e486ded"}
,"/home/math-wsl/TEMP/tech-challenge/src/middlewares/auth.js": {"path":"/home/math-wsl/TEMP/tech-challenge/src/middlewares/auth.js","statementMap":{"0":{"start":{"line":1,"column":12},"end":{"line":1,"column":35}},"1":{"start":{"line":3,"column":13},"end":{"line":17,"column":1}},"2":{"start":{"line":3,"column":19},"end":{"line":17,"column":1}},"3":{"start":{"line":4,"column":16},"end":{"line":4,"column":56}},"4":{"start":{"line":6,"column":2},"end":{"line":8,"column":3}},"5":{"start":{"line":7,"column":4},"end":{"line":7,"column":69}},"6":{"start":{"line":10,"column":2},"end":{"line":16,"column":3}},"7":{"start":{"line":11,"column":20},"end":{"line":11,"column":61}},"8":{"start":{"line":12,"column":4},"end":{"line":12,"column":23}},"9":{"start":{"line":13,"column":4},"end":{"line":13,"column":11}},"10":{"start":{"line":15,"column":4},"end":{"line":15,"column":64}},"11":{"start":{"line":19,"column":0},"end":{"line":19,"column":22}}},"fnMap":{"0":{"name":"(anonymous_0)","decl":{"start":{"line":3,"column":13},"end":{"line":3,"column":14}},"loc":{"start":{"line":3,"column":19},"end":{"line":17,"column":1}},"line":3},"1":{"name":"(anonymous_1)","decl":{"start":{"line":3,"column":19},"end":{"line":3,"column":20}},"loc":{"start":{"line":3,"column":39},"end":{"line":17,"column":1}},"line":3}},"branchMap":{"0":{"loc":{"start":{"line":6,"column":2},"end":{"line":8,"column":3}},"type":"if","locations":[{"start":{"line":6,"column":2},"end":{"line":8,"column":3}},{"start":{},"end":{}}],"line":6}},"s":{"0":1,"1":1,"2":6,"3":31,"4":31,"5":7,"6":24,"7":24,"8":23,"9":23,"10":1,"11":1},"f":{"0":6,"1":31},"b":{"0":[7,24]},"_coverageSchema":"1a1c01bbd47fc00a2c39e90264f33305004495a9","hash":"3a1e7b264a004b8dd86846130c8d863986824aa6"}
,"/home/math-wsl/TEMP/tech-challenge/src/middlewares/validate.js": {"path":"/home/math-wsl/TEMP/tech-challenge/src/middlewares/validate.js","statementMap":{"0":{"start":{"line":1,"column":29},"end":{"line":1,"column":57}},"1":{"start":{"line":3,"column":0},"end":{"line":12,"column":2}},"2":{"start":{"line":4,"column":17},"end":{"line":4,"column":38}},"3":{"start":{"line":5,"column":2},"end":{"line":10,"column":3}},"4":{"start":{"line":6,"column":4},"end":{"line":9,"column":7}},"5":{"start":{"line":11,"column":2},"end":{"line":11,"column":9}}},"fnMap":{"0":{"name":"(anonymous_0)","decl":{"start":{"line":3,"column":17},"end":{"line":3,"column":18}},"loc":{"start":{"line":3,"column":37},"end":{"line":12,"column":1}},"line":3}},"branchMap":{"0":{"loc":{"start":{"line":5,"column":2},"end":{"line":10,"column":3}},"type":"if","locations":[{"start":{"line":5,"column":2},"end":{"line":10,"column":3}},{"start":{},"end":{}}],"line":5}},"s":{"0":1,"1":1,"2":8,"3":8,"4":1,"5":7},"f":{"0":8},"b":{"0":[1,7]},"_coverageSchema":"1a1c01bbd47fc00a2c39e90264f33305004495a9","hash":"e7fa566796e101e1bec788748b4b50688ab51c91"}
,"/home/math-wsl/TEMP/tech-challenge/src/models/Post.js": {"path":"/home/math-wsl/TEMP/tech-challenge/src/models/Post.js","statementMap":{"0":{"start":{"line":1,"column":17},"end":{"line":1,"column":36}},"1":{"start":{"line":3,"column":19},"end":{"line":34,"column":2}},"2":{"start":{"line":36,"column":0},"end":{"line":36,"column":52}}},"fnMap":{},"branchMap":{},"s":{"0":1,"1":1,"2":1},"f":{},"b":{},"_coverageSchema":"1a1c01bbd47fc00a2c39e90264f33305004495a9","hash":"559893a9088ad0214c5b194abb7633de6ec52d81"}
,"/home/math-wsl/TEMP/tech-challenge/src/routes/postRoutes.js": {"path":"/home/math-wsl/TEMP/tech-challenge/src/routes/postRoutes.js","statementMap":{"0":{"start":{"line":1,"column":16},"end":{"line":1,"column":34}},"1":{"start":{"line":2,"column":15},"end":{"line":2,"column":31}},"2":{"start":{"line":3,"column":23},"end":{"line":3,"column":63}},"3":{"start":{"line":4,"column":32},"end":{"line":4,"column":70}},"4":{"start":{"line":5,"column":17},"end":{"line":5,"column":51}},"5":{"start":{"line":6,"column":13},"end":{"line":6,"column":43}},"6":{"start":{"line":81,"column":0},"end":{"line":81,"column":52}},"7":{"start":{"line":108,"column":0},"end":{"line":108,"column":58}},"8":{"start":{"line":135,"column":0},"end":{"line":135,"column":55}},"9":{"start":{"line":161,"column":0},"end":{"line":161,"column":83}},"10":{"start":{"line":196,"column":0},"end":{"line":196,"column":85}},"11":{"start":{"line":219,"column":0},"end":{"line":219,"column":57}},"12":{"start":{"line":221,"column":0},"end":{"line":221,"column":24}}},"fnMap":{},"branchMap":{},"s":{"0":1,"1":1,"2":1,"3":1,"4":1,"5":1,"6":1,"7":1,"8":1,"9":1,"10":1,"11":1,"12":1},"f":{},"b":{},"_coverageSchema":"1a1c01bbd47fc00a2c39e90264f33305004495a9","hash":"71651355dc2b5d0cc073892eb16d5903eb10fdae"}
,"/home/math-wsl/TEMP/tech-challenge/src/validators/postValidator.js": {"path":"/home/math-wsl/TEMP/tech-challenge/src/validators/postValidator.js","statementMap":{"0":{"start":{"line":1,"column":17},"end":{"line":1,"column":45}},"1":{"start":{"line":3,"column":28},"end":{"line":15,"column":1}},"2":{"start":{"line":17,"column":0},"end":{"line":17,"column":41}}},"fnMap":{},"branchMap":{},"s":{"0":1,"1":1,"2":1},"f":{},"b":{},"_coverageSchema":"1a1c01bbd47fc00a2c39e90264f33305004495a9","hash":"79154f3707b985e9e5e05869f0995458f5f15a00"}
}
