TN:
SF:src/controllers/postController.js
FN:4,(anonymous_0)
FN:17,(anonymous_1)
FN:40,(anonymous_2)
FN:55,(anonymous_3)
FN:78,(anonymous_4)
FN:92,(anonymous_5)
FN:114,(anonymous_6)
FN:145,(anonymous_7)
FN:176,(anonymous_8)
FNF:9
FNH:9
FNDA:3,(anonymous_0)
FNDA:4,(anonymous_1)
FNDA:5,(anonymous_2)
FNDA:5,(anonymous_3)
FNDA:4,(anonymous_4)
FNDA:7,(anonymous_5)
FNDA:26,(anonymous_6)
FNDA:5,(anonymous_7)
FNDA:8,(anonymous_8)
DA:1,1
DA:4,1
DA:5,3
DA:6,3
DA:7,3
DA:9,3
DA:10,2
DA:12,1
DA:17,1
DA:18,4
DA:19,4
DA:20,4
DA:22,4
DA:23,4
DA:24,1
DA:27,4
DA:29,3
DA:30,2
DA:33,1
DA:35,1
DA:40,1
DA:41,5
DA:42,5
DA:43,1
DA:45,4
DA:46,4
DA:47,4
DA:48,3
DA:50,1
DA:55,1
DA:56,5
DA:57,5
DA:58,1
DA:61,4
DA:62,4
DA:63,4
DA:68,3
DA:69,1
DA:71,2
DA:73,1
DA:78,1
DA:79,4
DA:80,4
DA:81,1
DA:83,3
DA:84,2
DA:85,1
DA:87,1
DA:92,1
DA:93,7
DA:95,7
DA:96,1
DA:98,6
DA:99,6
DA:107,5
DA:109,1
DA:114,1
DA:115,26
DA:116,26
DA:117,26
DA:120,26
DA:123,26
DA:124,26
DA:125,1
DA:128,25
DA:135,25
DA:136,25
DA:138,24
DA:140,1
DA:145,1
DA:146,5
DA:147,5
DA:148,5
DA:149,5
DA:151,5
DA:152,5
DA:153,1
DA:156,4
DA:157,4
DA:158,1
DA:162,3
DA:163,1
DA:166,2
DA:167,2
DA:169,1
DA:171,1
DA:176,1
DA:177,8
DA:178,8
DA:179,8
DA:181,8
DA:182,8
DA:183,1
DA:186,7
DA:187,7
DA:188,1
DA:194,6
DA:200,6
DA:201,2
DA:204,4
DA:205,4
DA:207,3
DA:209,1
DA:213,1
LF:104
LH:104
BRDA:7,0,0,1
BRDA:7,0,1,2
BRDA:23,1,0,1
BRDA:23,1,1,3
BRDA:29,2,0,2
BRDA:29,2,1,1
BRDA:42,3,0,1
BRDA:42,3,1,4
BRDA:57,4,0,1
BRDA:57,4,1,4
BRDA:68,5,0,1
BRDA:68,5,1,2
BRDA:80,6,0,1
BRDA:80,6,1,3
BRDA:84,7,0,1
BRDA:84,7,1,1
BRDA:95,8,0,1
BRDA:95,8,1,6
BRDA:95,9,0,7
BRDA:95,9,1,2
BRDA:124,10,0,1
BRDA:124,10,1,25
BRDA:152,11,0,1
BRDA:152,11,1,4
BRDA:157,12,0,1
BRDA:157,12,1,3
BRDA:162,13,0,1
BRDA:162,13,1,2
BRDA:162,14,0,3
BRDA:162,14,1,2
BRDA:182,15,0,1
BRDA:182,15,1,7
BRDA:187,16,0,1
BRDA:187,16,1,6
BRDA:194,17,0,6
BRDA:194,17,1,3
BRDA:194,17,2,3
BRDA:194,17,3,2
BRDA:194,17,4,2
BRDA:194,17,5,1
BRDA:194,17,6,1
BRDA:200,18,0,2
BRDA:200,18,1,4
BRF:43
BRH:43
end_of_record
TN:
SF:src/middlewares/auth.js
FN:3,(anonymous_0)
FN:3,(anonymous_1)
FNF:2
FNH:2
FNDA:9,(anonymous_0)
FNDA:80,(anonymous_1)
DA:1,1
DA:3,9
DA:4,80
DA:6,80
DA:7,8
DA:10,72
DA:11,72
DA:12,71
DA:13,71
DA:15,1
DA:19,1
LF:11
LH:11
BRDA:6,0,0,8
BRDA:6,0,1,72
BRF:2
BRH:2
end_of_record
TN:
SF:src/middlewares/validate.js
FN:3,(anonymous_0)
FNF:1
FNH:1
FNDA:45,(anonymous_0)
DA:1,1
DA:3,1
DA:4,45
DA:5,45
DA:6,4
DA:11,41
LF:6
LH:6
BRDA:5,0,0,4
BRDA:5,0,1,41
BRF:2
BRH:2
end_of_record
TN:
SF:src/models/Post.js
FNF:0
FNH:0
DA:1,1
DA:3,1
DA:62,1
LF:3
LH:3
BRF:0
BRH:0
end_of_record
TN:
SF:src/routes/postRoutes.js
FNF:0
FNH:0
DA:1,1
DA:2,1
DA:3,1
DA:4,1
DA:5,1
DA:6,1
DA:105,1
DA:132,1
DA:159,1
DA:185,1
DA:220,1
DA:243,1
DA:286,1
DA:337,1
DA:378,1
DA:380,1
LF:16
LH:16
BRF:0
BRH:0
end_of_record
TN:
SF:src/validators/postValidator.js
FNF:0
FNH:0
DA:1,1
DA:3,1
DA:34,1
DA:44,1
DA:46,1
LF:5
LH:5
BRF:0
BRH:0
end_of_record
