TN:
SF:src/controllers/postController.js
FN:4,(anonymous_0)
FN:17,(anonymous_1)
FN:40,(anonymous_2)
FN:55,(anonymous_3)
FN:78,(anonymous_4)
FN:92,(anonymous_5)
FN:123,(anonymous_6)
FN:154,(anonymous_7)
FN:185,(anonymous_8)
FNF:9
FNH:9
FNDA:3,(anonymous_0)
FNDA:4,(anonymous_1)
FNDA:5,(anonymous_2)
FNDA:5,(anonymous_3)
FNDA:4,(anonymous_4)
FNDA:9,(anonymous_5)
FNDA:26,(anonymous_6)
FNDA:5,(anonymous_7)
FNDA:8,(anonymous_8)
DA:1,1
DA:4,1
DA:5,3
DA:6,3
DA:7,3
DA:9,3
DA:10,2
DA:12,1
DA:17,1
DA:18,4
DA:19,4
DA:20,4
DA:22,4
DA:23,4
DA:24,1
DA:27,4
DA:29,3
DA:30,2
DA:33,1
DA:35,1
DA:40,1
DA:41,5
DA:42,5
DA:43,1
DA:45,4
DA:46,4
DA:47,4
DA:48,3
DA:50,1
DA:55,1
DA:56,5
DA:57,5
DA:58,1
DA:61,4
DA:62,4
DA:63,4
DA:68,3
DA:69,1
DA:71,2
DA:73,1
DA:78,1
DA:79,4
DA:80,4
DA:81,1
DA:83,3
DA:84,2
DA:85,1
DA:87,1
DA:92,1
DA:93,9
DA:95,9
DA:96,1
DA:98,8
DA:99,8
DA:101,8
DA:111,8
DA:112,2
DA:115,8
DA:116,7
DA:118,1
DA:123,1
DA:124,26
DA:125,26
DA:126,26
DA:129,26
DA:132,26
DA:133,26
DA:134,1
DA:137,25
DA:144,25
DA:145,25
DA:147,24
DA:149,1
DA:154,1
DA:155,5
DA:156,5
DA:157,5
DA:158,5
DA:160,5
DA:161,5
DA:162,1
DA:165,4
DA:166,4
DA:167,1
DA:171,3
DA:172,1
DA:175,2
DA:176,2
DA:178,1
DA:180,1
DA:185,1
DA:186,8
DA:187,8
DA:188,8
DA:190,8
DA:191,8
DA:192,1
DA:195,7
DA:196,7
DA:197,1
DA:203,6
DA:209,6
DA:210,2
DA:213,4
DA:214,4
DA:216,3
DA:218,1
DA:222,1
LF:108
LH:108
BRDA:7,0,0,1
BRDA:7,0,1,2
BRDA:23,1,0,1
BRDA:23,1,1,3
BRDA:29,2,0,2
BRDA:29,2,1,1
BRDA:42,3,0,1
BRDA:42,3,1,4
BRDA:57,4,0,1
BRDA:57,4,1,4
BRDA:68,5,0,1
BRDA:68,5,1,2
BRDA:80,6,0,1
BRDA:80,6,1,3
BRDA:84,7,0,1
BRDA:84,7,1,1
BRDA:95,8,0,1
BRDA:95,8,1,8
BRDA:95,9,0,9
BRDA:95,9,1,3
BRDA:111,10,0,2
BRDA:111,10,1,6
BRDA:133,11,0,1
BRDA:133,11,1,25
BRDA:161,12,0,1
BRDA:161,12,1,4
BRDA:166,13,0,1
BRDA:166,13,1,3
BRDA:171,14,0,1
BRDA:171,14,1,2
BRDA:171,15,0,3
BRDA:171,15,1,2
BRDA:191,16,0,1
BRDA:191,16,1,7
BRDA:196,17,0,1
BRDA:196,17,1,6
BRDA:203,18,0,6
BRDA:203,18,1,3
BRDA:203,18,2,3
BRDA:203,18,3,2
BRDA:203,18,4,2
BRDA:203,18,5,1
BRDA:203,18,6,1
BRDA:209,19,0,2
BRDA:209,19,1,4
BRF:45
BRH:45
end_of_record
TN:
SF:src/controllers/studentController.js
FN:5,(anonymous_0)
FN:19,(anonymous_1)
FN:39,(anonymous_2)
FN:77,(anonymous_3)
FN:121,(anonymous_4)
FNF:5
FNH:5
FNDA:3,(anonymous_0)
FNDA:4,(anonymous_1)
FNDA:4,(anonymous_2)
FNDA:7,(anonymous_3)
FNDA:4,(anonymous_4)
DA:1,1
DA:2,1
DA:5,1
DA:6,3
DA:7,3
DA:8,1
DA:11,2
DA:12,1
DA:14,1
DA:19,1
DA:20,4
DA:21,4
DA:22,1
DA:25,3
DA:26,3
DA:28,2
DA:29,1
DA:32,1
DA:34,1
DA:39,1
DA:40,4
DA:41,4
DA:42,1
DA:45,3
DA:48,3
DA:49,3
DA:50,1
DA:54,2
DA:56,2
DA:64,2
DA:67,1
DA:68,1
DA:70,1
DA:72,1
DA:77,1
DA:78,7
DA:79,7
DA:80,1
DA:83,6
DA:84,6
DA:86,6
DA:87,5
DA:88,1
DA:92,4
DA:93,1
DA:94,1
DA:95,1
DA:100,3
DA:101,3
DA:102,3
DA:103,3
DA:104,1
DA:106,3
DA:108,3
DA:111,3
DA:112,3
DA:114,3
DA:116,1
DA:121,1
DA:122,4
DA:123,4
DA:124,1
DA:127,3
DA:128,2
DA:129,1
DA:132,1
DA:134,1
DA:138,1
LF:68
LH:68
BRDA:7,0,0,1
BRDA:7,0,1,2
BRDA:21,1,0,1
BRDA:21,1,1,3
BRDA:28,2,0,1
BRDA:28,2,1,1
BRDA:41,3,0,1
BRDA:41,3,1,3
BRDA:49,4,0,1
BRDA:49,4,1,2
BRDA:60,5,0,2
BRDA:60,5,1,1
BRDA:79,6,0,1
BRDA:79,6,1,6
BRDA:87,7,0,1
BRDA:87,7,1,4
BRDA:92,8,0,1
BRDA:92,8,1,3
BRDA:92,9,0,4
BRDA:92,9,1,1
BRDA:94,10,0,1
BRDA:94,10,1,0
BRDA:100,11,0,2
BRDA:100,11,1,1
BRDA:101,12,0,0
BRDA:101,12,1,3
BRDA:102,13,0,1
BRDA:102,13,1,2
BRDA:103,14,0,1
BRDA:103,14,1,2
BRDA:123,15,0,1
BRDA:123,15,1,3
BRDA:128,16,0,1
BRDA:128,16,1,1
BRF:34
BRH:32
end_of_record
TN:
SF:src/controllers/teacherController.js
FN:5,(anonymous_0)
FN:19,(anonymous_1)
FN:39,(anonymous_2)
FN:77,(anonymous_3)
FN:121,(anonymous_4)
FNF:5
FNH:5
FNDA:3,(anonymous_0)
FNDA:4,(anonymous_1)
FNDA:4,(anonymous_2)
FNDA:7,(anonymous_3)
FNDA:4,(anonymous_4)
DA:1,1
DA:2,1
DA:5,1
DA:6,3
DA:7,3
DA:8,1
DA:11,2
DA:12,1
DA:14,1
DA:19,1
DA:20,4
DA:21,4
DA:22,1
DA:25,3
DA:26,3
DA:28,2
DA:29,1
DA:32,1
DA:34,1
DA:39,1
DA:40,4
DA:41,4
DA:42,1
DA:45,3
DA:48,3
DA:49,3
DA:50,1
DA:54,2
DA:56,2
DA:64,2
DA:67,1
DA:68,1
DA:70,1
DA:72,1
DA:77,1
DA:78,7
DA:79,7
DA:80,1
DA:83,6
DA:84,6
DA:86,6
DA:87,5
DA:88,1
DA:92,4
DA:93,1
DA:94,1
DA:95,1
DA:100,3
DA:101,3
DA:102,3
DA:103,3
DA:104,1
DA:106,3
DA:108,3
DA:111,3
DA:112,3
DA:114,3
DA:116,1
DA:121,1
DA:122,4
DA:123,4
DA:124,1
DA:127,3
DA:128,2
DA:129,1
DA:132,1
DA:134,1
DA:138,1
LF:68
LH:68
BRDA:7,0,0,1
BRDA:7,0,1,2
BRDA:21,1,0,1
BRDA:21,1,1,3
BRDA:28,2,0,1
BRDA:28,2,1,1
BRDA:41,3,0,1
BRDA:41,3,1,3
BRDA:49,4,0,1
BRDA:49,4,1,2
BRDA:60,5,0,2
BRDA:60,5,1,1
BRDA:79,6,0,1
BRDA:79,6,1,6
BRDA:87,7,0,1
BRDA:87,7,1,4
BRDA:92,8,0,1
BRDA:92,8,1,3
BRDA:92,9,0,4
BRDA:92,9,1,1
BRDA:94,10,0,1
BRDA:94,10,1,0
BRDA:100,11,0,2
BRDA:100,11,1,1
BRDA:101,12,0,0
BRDA:101,12,1,3
BRDA:102,13,0,1
BRDA:102,13,1,2
BRDA:103,14,0,1
BRDA:103,14,1,2
BRDA:123,15,0,1
BRDA:123,15,1,3
BRDA:128,16,0,1
BRDA:128,16,1,1
BRF:34
BRH:32
end_of_record
TN:
SF:src/middlewares/auth.js
FN:3,(anonymous_0)
FN:3,(anonymous_1)
FNF:2
FNH:2
FNDA:19,(anonymous_0)
FNDA:146,(anonymous_1)
DA:1,3
DA:3,19
DA:4,146
DA:6,146
DA:7,18
DA:10,128
DA:11,128
DA:12,127
DA:13,127
DA:15,1
DA:19,3
LF:11
LH:11
BRDA:6,0,0,18
BRDA:6,0,1,128
BRF:2
BRH:2
end_of_record
TN:
SF:src/middlewares/validate.js
FN:3,(anonymous_0)
FNF:1
FNH:1
FNDA:77,(anonymous_0)
DA:1,3
DA:3,3
DA:4,77
DA:5,77
DA:6,14
DA:11,63
LF:6
LH:6
BRDA:5,0,0,14
BRDA:5,0,1,63
BRF:2
BRH:2
end_of_record
TN:
SF:src/models/Post.js
FNF:0
FNH:0
DA:1,1
DA:3,1
DA:62,1
LF:3
LH:3
BRF:0
BRH:0
end_of_record
TN:
SF:src/models/Student.js
FNF:0
FNH:0
DA:1,1
DA:3,1
DA:40,1
LF:3
LH:3
BRF:0
BRH:0
end_of_record
TN:
SF:src/models/Teacher.js
FNF:0
FNH:0
DA:1,1
DA:3,1
DA:40,1
LF:3
LH:3
BRF:0
BRH:0
end_of_record
TN:
SF:src/routes/postRoutes.js
FNF:0
FNH:0
DA:1,1
DA:2,1
DA:3,1
DA:4,1
DA:5,1
DA:6,1
DA:105,1
DA:132,1
DA:159,1
DA:185,1
DA:220,1
DA:243,1
DA:286,1
DA:337,1
DA:378,1
DA:380,1
LF:16
LH:16
BRF:0
BRH:0
end_of_record
TN:
SF:src/routes/studentRoutes.js
FNF:0
FNH:0
DA:1,1
DA:2,1
DA:3,1
DA:4,1
DA:5,1
DA:6,1
DA:84,1
DA:113,1
DA:164,1
DA:219,1
DA:244,1
DA:246,1
LF:12
LH:12
BRF:0
BRH:0
end_of_record
TN:
SF:src/routes/teacherRoutes.js
FNF:0
FNH:0
DA:1,1
DA:2,1
DA:3,1
DA:4,1
DA:5,1
DA:6,1
DA:84,1
DA:113,1
DA:164,1
DA:219,1
DA:244,1
DA:246,1
LF:12
LH:12
BRF:0
BRH:0
end_of_record
TN:
SF:src/validators/postValidator.js
FNF:0
FNH:0
DA:1,1
DA:3,1
DA:34,1
DA:44,1
DA:46,1
LF:5
LH:5
BRF:0
BRH:0
end_of_record
TN:
SF:src/validators/studentValidator.js
FNF:0
FNH:0
DA:1,1
DA:3,1
DA:28,1
DA:56,1
LF:4
LH:4
BRF:0
BRH:0
end_of_record
TN:
SF:src/validators/teacherValidator.js
FNF:0
FNH:0
DA:1,1
DA:3,1
DA:28,1
DA:56,1
LF:4
LH:4
BRF:0
BRH:0
end_of_record
